----- Received at 1763047076.815 -----
<?xml version="1.0" encoding="UTF-8"?>
<calibration>
  <shapes>
    <rectangle>
      <color red="235" green="16" blue="16" />
      <colex bits="8" red="235" green="16" blue="16" />
      <geometry x="0.34" y="0.34" cx="0.32" cy="0.32" />
    </rectangle>
  </shapes>
</calibration>
----- End -----
----- Received at 1763047080.771 -----
<?xml version="1.0" encoding="UTF-8"?>
<calibration>
  <shapes>
    <rectangle>
      <color red="219" green="16" blue="16" />
      <colex bits="8" red="219" green="16" blue="16" />
      <geometry x="0.34" y="0.34" cx="0.32" cy="0.32" />
    </rectangle>
  </shapes>
</calibration>
----- End -----
----- Received at 1763047080.916 -----
<?xml version="1.0" encoding="UTF-8"?>
<calibration>
  <shapes>
    <rectangle>
      <color red="203" green="16" blue="16" />
      <colex bits="8" red="203" green="16" blue="16" />
      <geometry x="0.34" y="0.34" cx="0.32" cy="0.32" />
    </rectangle>
  </shapes>
</calibration>
----- End -----
----- Received at 1763047081.068 -----
<?xml version="1.0" encoding="UTF-8"?>
<calibration>
  <shapes>
    <rectangle>
      <color red="171" green="16" blue="16" />
      <colex bits="8" red="171" green="16" blue="16" />
      <geometry x="0.34" y="0.34" cx="0.32" cy="0.32" />
    </rectangle>
  </shapes>
</calibration>
----- End -----
----- Received at 1763047081.692 -----
<?xml version="1.0" encoding="UTF-8"?>
<calibration>
  <shapes>
    <rectangle>
      <color red="59" green="16" blue="16" />
      <colex bits="8" red="59" green="16" blue="16" />
      <geometry x="0.34" y="0.34" cx="0.32" cy="0.32" />
    </rectangle>
  </shapes>
</calibration>
----- End -----
----- Received at 1763047083.347 -----
<?xml version="1.0" encoding="UTF-8"?>
<calibration>
  <shapes>
    <rectangle>
      <color red="59" green="235" blue="16" />
      <colex bits="8" red="59" green="235" blue="16" />
      <geometry x="0.34" y="0.34" cx="0.32" cy="0.32" />
    </rectangle>
  </shapes>
</calibration>
----- End -----
----- Received at 1763047084.105 -----
<?xml version="1.0" encoding="UTF-8"?>
<calibration>
  <shapes>
    <rectangle>
      <color red="59" green="235" blue="48" />
      <colex bits="8" red="59" green="235" blue="48" />
      <geometry x="0.34" y="0.34" cx="0.32" cy="0.32" />
    </rectangle>
  </shapes>
</calibration>
----- End -----
----- Received at 1763047084.254 -----
<?xml version="1.0" encoding="UTF-8"?>
<calibration>
  <shapes>
    <rectangle>
      <color red="59" green="235" blue="64" />
      <colex bits="8" red="59" green="235" blue="64" />
      <geometry x="0.34" y="0.34" cx="0.32" cy="0.32" />
    </rectangle>
  </shapes>
</calibration>
----- End -----
----- Received at 1763047084.399 -----
<?xml version="1.0" encoding="UTF-8"?>
<calibration>
  <shapes>
    <rectangle>
      <color red="59" green="235" blue="80" />
      <colex bits="8" red="59" green="235" blue="80" />
      <geometry x="0.34" y="0.34" cx="0.32" cy="0.32" />
    </rectangle>
  </shapes>
</calibration>
----- End -----
----- Received at 1763047084.531 -----
<?xml version="1.0" encoding="UTF-8"?>
<calibration>
  <shapes>
    <rectangle>
      <color red="59" green="235" blue="96" />
      <colex bits="8" red="59" green="235" blue="96" />
      <geometry x="0.34" y="0.34" cx="0.32" cy="0.32" />
    </rectangle>
  </shapes>
</calibration>
----- End -----
----- Received at 1763047084.653 -----
<?xml version="1.0" encoding="UTF-8"?>
<calibration>
  <shapes>
    <rectangle>
      <color red="59" green="235" blue="112" />
      <colex bits="8" red="59" green="235" blue="112" />
      <geometry x="0.34" y="0.34" cx="0.32" cy="0.32" />
    </rectangle>
  </shapes>
</calibration>
----- End -----
----- Received at 1763047085.290 -----
<?xml version="1.0" encoding="UTF-8"?>
<calibration>
  <shapes>
    <rectangle>
      <color red="59" green="235" blue="208" />
      <colex bits="8" red="59" green="235" blue="208" />
      <geometry x="0.34" y="0.34" cx="0.32" cy="0.32" />
    </rectangle>
  </shapes>
</calibration>
----- End -----
